<?xml version="1.0" encoding="UTF-8"?><testsuite failures="0" name="cucumber.runtime.formatter.JUnitFormatter" skipped="0" tests="1" time="12.824235">
<testcase classname="Signin to Online Shop" name="Signin to Online Shop with valid credentials" time="12.824235">
<system-out><![CDATA[Given I navigate to https://shop.alzheimers.org.uk/.........................passed
And I click on sigin link...................................................passed
When I enter E-Mail Address.................................................passed
And I enter password........................................................passed
And I click login button....................................................passed
Then I should be on the home page...........................................passed
]]></system-out>
</testcase>
</testsuite>
